<?xml version="1.0" encoding="UTF-8"?>
<!-- Generated by org.testng.reporters.JUnitReportReporter -->
<testsuite hostname="DESKTOP-6V7A636" failures="0" tests="1" name="OrangeHPM.TestCases.TC_0007_Profile" time="46.913" errors="0" timestamp="2022-12-03T16:14:53 CAST" skipped="0">
  <testcase classname="OrangeHPM.TestCases.TC_0007_Profile" name="profileTest" time="46.913"/>
  <system-out/>
</testsuite> <!-- OrangeHPM.TestCases.TC_0007_Profile -->
