<?xml version="1.0" encoding="UTF-8"?>
<!-- Generated by org.testng.reporters.JUnitReportReporter -->
<testsuite hostname="DESKTOP-6V7A636" failures="0" tests="1" name="OrangeHPM.TestCases.TC_0016_AddLocation" time="37.003" errors="0" timestamp="2022-12-03T16:14:53 CAST" skipped="0">
  <testcase classname="OrangeHPM.TestCases.TC_0016_AddLocation" name="addLocationTest" time="37.003"/>
  <system-out/>
</testsuite> <!-- OrangeHPM.TestCases.TC_0016_AddLocation -->
