<?xml version="1.0" encoding="UTF-8"?>
<!-- Generated by org.testng.reporters.JUnitReportReporter -->
<testsuite hostname="DESKTOP-6V7A636" failures="0" tests="4" name="OrangeHPM.TestCases.TC_0003_Login_DD" time="38.051" errors="0" timestamp="2022-12-03T16:14:53 CAST" skipped="0">
  <testcase classname="OrangeHPM.TestCases.TC_0003_Login_DD" name="loginDDT" time="2.965"/>
  <system-out/>
  <testcase classname="OrangeHPM.TestCases.TC_0003_Login_DD" name="loginDDT" time="3.035"/>
  <system-out/>
  <testcase classname="OrangeHPM.TestCases.TC_0003_Login_DD" name="loginDDT" time="28.702"/>
  <system-out/>
  <testcase classname="OrangeHPM.TestCases.TC_0003_Login_DD" name="loginDDT" time="3.349"/>
  <system-out/>
</testsuite> <!-- OrangeHPM.TestCases.TC_0003_Login_DD -->
