<?xml version="1.0" encoding="UTF-8"?>
<!-- Generated by org.testng.reporters.JUnitReportReporter -->
<testsuite hostname="DESKTOP-6V7A636" failures="0" tests="1" name="OrangeHPM.TestCases.TC_0001_Login" time="7.491" errors="0" timestamp="2022-11-22T13:38:22 CAST" skipped="0">
  <testcase classname="OrangeHPM.TestCases.TC_0001_Login" name="loginTest" time="7.491"/>
  <system-out/>
</testsuite> <!-- OrangeHPM.TestCases.TC_0001_Login -->
