<?xml version="1.0" encoding="UTF-8"?>
<!-- Generated by org.testng.reporters.JUnitReportReporter -->
<testsuite hostname="DESKTOP-6V7A636" failures="0" tests="2" name="OrangeHPM.TestCases.TC_0008_Add_Employee_DD" time="41.048" errors="0" timestamp="2022-12-03T16:14:53 CAST" skipped="0">
  <testcase classname="OrangeHPM.TestCases.TC_0008_Add_Employee_DD" name="addEmployeeTest" time="31.759"/>
  <system-out/>
  <testcase classname="OrangeHPM.TestCases.TC_0008_Add_Employee_DD" name="addEmployeeTest" time="9.289"/>
  <system-out/>
</testsuite> <!-- OrangeHPM.TestCases.TC_0008_Add_Employee_DD -->
